2018-07-19 16:52:07.009  INFO 7196 --- [main] com.welove.demo.DemoApplication          : Starting DemoApplication on 12582-杨翼驹 with PID 7196 (E:\welove\target\classes started by acer in E:\welove)
2018-07-19 16:52:07.015  INFO 7196 --- [main] com.welove.demo.DemoApplication          : No active profile set, falling back to default profiles: default
2018-07-19 16:52:07.098  INFO 7196 --- [main] ConfigServletWebServerApplicationContext : Refreshing org.springframework.boot.web.servlet.context.AnnotationConfigServletWebServerApplicationContext@46268f08: startup date [Thu Jul 19 16:52:07 CST 2018]; root of context hierarchy
2018-07-19 16:52:08.540  INFO 7196 --- [main] o.s.b.w.embedded.tomcat.TomcatWebServer  : Tomcat initialized with port(s): 8080 (http)
2018-07-19 16:52:08.567  INFO 7196 --- [main] o.apache.catalina.core.StandardService   : Starting service [Tomcat]
2018-07-19 16:52:08.567  INFO 7196 --- [main] org.apache.catalina.core.StandardEngine  : Starting Servlet Engine: Apache Tomcat/8.5.31
2018-07-19 16:52:08.573  INFO 7196 --- [localhost-startStop-1] o.a.catalina.core.AprLifecycleListener   : The APR based Apache Tomcat Native library which allows optimal performance in production environments was not found on the java.library.path: [C:\Program Files\Java\jdk1.8.0_152\bin;C:\WINDOWS\Sun\Java\bin;C:\WINDOWS\system32;C:\WINDOWS;E:\apache-cxf-3.2.1/bin;C:\Program Files\Java\jdk1.8.0_152\bin;C:\Program Files\Java\jdk1.8.0_152\jre\bin;C:\ProgramData\Oracle\Java\javapath;C:\Program Files (x86)\Intel\iCLS Client\;C:\Program Files\Intel\iCLS Client\;C:\Windows\system32;C:\Windows;C:\Windows\System32\Wbem;C:\Windows\System32\WindowsPowerShell\v1.0\;C:\Program Files (x86)\NVIDIA Corporation\PhysX\Common;C:\Program Files (x86)\Intel\Intel(R) Management Engine Components\DAL;C:\Program Files\Intel\Intel(R) Management Engine Components\DAL;C:\Program Files (x86)\Intel\Intel(R) Management Engine Components\IPT;C:\Program Files\Intel\Intel(R) Management Engine Components\IPT;C:\Program Files\TortoiseSVN\bin;C:\WINDOWS\system32;C:\WINDOWS;C:\WINDOWS\System32\Wbem;C:\WINDOWS\System32\WindowsPowerShell\v1.0\;C:\Program Files\nodejs\;C:\Go\bin;C:\Program Files\mingw-w64\x86_64-5.4.0-posix-seh-rt_v5-rev0\mingw64\bin;C:\Users\acer\AppData\Local\Microsoft\WindowsApps;C:\Program Files\Bandizip\;C:\Program Files\Microsoft VS Code\bin;C:\Users\acer\AppData\Roaming\npm;C:\Users\acer\go\bin;.]
2018-07-19 16:52:08.673  INFO 7196 --- [localhost-startStop-1] o.a.c.c.C.[Tomcat].[localhost].[/]       : Initializing Spring embedded WebApplicationContext
2018-07-19 16:52:08.673  INFO 7196 --- [localhost-startStop-1] o.s.web.context.ContextLoader            : Root WebApplicationContext: initialization completed in 1576 ms
2018-07-19 16:52:08.838  INFO 7196 --- [localhost-startStop-1] o.s.b.w.servlet.ServletRegistrationBean  : Servlet dispatcherServlet mapped to [/]
2018-07-19 16:52:08.840  INFO 7196 --- [localhost-startStop-1] o.s.b.w.servlet.ServletRegistrationBean  : Servlet statViewServlet mapped to [/druid/*]
2018-07-19 16:52:08.843  INFO 7196 --- [localhost-startStop-1] o.s.b.w.servlet.FilterRegistrationBean   : Mapping filter: 'characterEncodingFilter' to: [/*]
2018-07-19 16:52:08.844  INFO 7196 --- [localhost-startStop-1] o.s.b.w.servlet.FilterRegistrationBean   : Mapping filter: 'hiddenHttpMethodFilter' to: [/*]
2018-07-19 16:52:08.844  INFO 7196 --- [localhost-startStop-1] o.s.b.w.servlet.FilterRegistrationBean   : Mapping filter: 'httpPutFormContentFilter' to: [/*]
2018-07-19 16:52:08.844  INFO 7196 --- [localhost-startStop-1] o.s.b.w.servlet.FilterRegistrationBean   : Mapping filter: 'requestContextFilter' to: [/*]
2018-07-19 16:52:08.844  INFO 7196 --- [localhost-startStop-1] o.s.b.w.servlet.FilterRegistrationBean   : Mapping filter: 'webStatFilter' to urls: [/*]
2018-07-19 16:52:08.915  INFO 7196 --- [main] c.a.d.s.b.a.DruidDataSourceAutoConfigure : Init DruidDataSource
2018-07-19 16:52:10.175  INFO 7196 --- [main] com.alibaba.druid.pool.DruidDataSource   : {dataSource-1} inited
2018-07-19 16:52:10.460  INFO 7196 --- [main] o.s.w.s.handler.SimpleUrlHandlerMapping  : Mapped URL path [/**/favicon.ico] onto handler of type [class org.springframework.web.servlet.resource.ResourceHttpRequestHandler]
2018-07-19 16:52:10.671  INFO 7196 --- [main] s.w.s.m.m.a.RequestMappingHandlerAdapter : Looking for @ControllerAdvice: org.springframework.boot.web.servlet.context.AnnotationConfigServletWebServerApplicationContext@46268f08: startup date [Thu Jul 19 16:52:07 CST 2018]; root of context hierarchy
2018-07-19 16:52:10.728  INFO 7196 --- [main] s.w.s.m.m.a.RequestMappingHandlerMapping : Mapped "{[/test]}" onto public com.welove.demo.model.User com.welove.demo.controller.Usercontroller.get()
2018-07-19 16:52:10.733  INFO 7196 --- [main] s.w.s.m.m.a.RequestMappingHandlerMapping : Mapped "{[/error]}" onto public org.springframework.http.ResponseEntity<java.util.Map<java.lang.String, java.lang.Object>> org.springframework.boot.autoconfigure.web.servlet.error.BasicErrorController.error(javax.servlet.http.HttpServletRequest)
2018-07-19 16:52:10.733  INFO 7196 --- [main] s.w.s.m.m.a.RequestMappingHandlerMapping : Mapped "{[/error],produces=[text/html]}" onto public org.springframework.web.servlet.ModelAndView org.springframework.boot.autoconfigure.web.servlet.error.BasicErrorController.errorHtml(javax.servlet.http.HttpServletRequest,javax.servlet.http.HttpServletResponse)
2018-07-19 16:52:10.761  INFO 7196 --- [main] o.s.w.s.handler.SimpleUrlHandlerMapping  : Mapped URL path [/webjars/**] onto handler of type [class org.springframework.web.servlet.resource.ResourceHttpRequestHandler]
2018-07-19 16:52:10.761  INFO 7196 --- [main] o.s.w.s.handler.SimpleUrlHandlerMapping  : Mapped URL path [/**] onto handler of type [class org.springframework.web.servlet.resource.ResourceHttpRequestHandler]
2018-07-19 16:52:11.063  INFO 7196 --- [main] o.s.j.e.a.AnnotationMBeanExporter        : Registering beans for JMX exposure on startup
2018-07-19 16:52:11.065  INFO 7196 --- [main] o.s.j.e.a.AnnotationMBeanExporter        : Bean with name 'statFilter' has been autodetected for JMX exposure
2018-07-19 16:52:11.065  INFO 7196 --- [main] o.s.j.e.a.AnnotationMBeanExporter        : Bean with name 'dataSource' has been autodetected for JMX exposure
2018-07-19 16:52:11.070  INFO 7196 --- [main] o.s.j.e.a.AnnotationMBeanExporter        : Located MBean 'dataSource': registering with JMX server as MBean [com.alibaba.druid.spring.boot.autoconfigure:name=dataSource,type=DruidDataSourceWrapper]
2018-07-19 16:52:11.070  INFO 7196 --- [main] o.s.j.e.a.AnnotationMBeanExporter        : Located MBean 'statFilter': registering with JMX server as MBean [com.alibaba.druid.filter.stat:name=statFilter,type=StatFilter]
2018-07-19 16:52:11.105  INFO 7196 --- [main] o.s.b.w.embedded.tomcat.TomcatWebServer  : Tomcat started on port(s): 8080 (http) with context path ''
2018-07-19 16:52:11.109  INFO 7196 --- [main] com.welove.demo.DemoApplication          : Started DemoApplication in 4.732 seconds (JVM running for 5.771)
2018-07-19 16:52:18.057  INFO 7196 --- [http-nio-8080-exec-2] o.a.c.c.C.[Tomcat].[localhost].[/]       : Initializing Spring FrameworkServlet 'dispatcherServlet'
2018-07-19 16:52:18.057  INFO 7196 --- [http-nio-8080-exec-2] o.s.web.servlet.DispatcherServlet        : FrameworkServlet 'dispatcherServlet': initialization started
2018-07-19 16:52:18.077  INFO 7196 --- [http-nio-8080-exec-2] o.s.web.servlet.DispatcherServlet        : FrameworkServlet 'dispatcherServlet': initialization completed in 20 ms
2018-07-19 16:52:18.123 DEBUG 7196 --- [http-nio-8080-exec-2] c.w.d.dao.UserMapper.selectByPrimaryKey  : ==>  Preparing: select ID, LOGINNAME, PASSWORD, PHONENUM, NAME, ROLETYPE, COMPANYID, CREATETIME, UPDATETIME from t_d_user where ID = ? 
2018-07-19 16:52:18.142 DEBUG 7196 --- [http-nio-8080-exec-2] c.w.d.dao.UserMapper.selectByPrimaryKey  : ==> Parameters: 1(Integer)
2018-07-19 16:52:18.244 DEBUG 7196 --- [http-nio-8080-exec-2] c.w.d.dao.UserMapper.selectByPrimaryKey  : <==      Total: 1
